Using pre-set license
Built from '2021.3/staging' branch; Version is '2021.3.15f1 (e8e88683f834) revision 15263878'; Using compiler version '192829333'; Build Type 'Release'
OS: 'Windows 11  (10.0.22000) 64bit Core' Language: 'ja' Physical Memory: 16234 MB
BatchMode: 1, IsHumanControllingUs: 0, StartBugReporterOnCrash: 0, Is64bit: 1, IsPro: 1

COMMAND LINE ARGUMENTS:
C:\Program Files\Unity\Hub\Editor\2021.3.15f1\Editor\Unity.exe
-adb2
-batchMode
-noUpm
-name
AssetImportWorker2
-projectPath
D:/3DRPG/3DRPG1
-logFile
Logs/AssetImportWorker2.log
-srvPort
65092
Successfully changed project path to: D:/3DRPG/3DRPG1
D:/3DRPG/3DRPG1
[UnityMemory] Configuration Parameters - Can be set up in boot.config
    "memorysetup-bucket-allocator-granularity=16"
    "memorysetup-bucket-allocator-bucket-count=8"
    "memorysetup-bucket-allocator-block-size=33554432"
    "memorysetup-bucket-allocator-block-count=8"
    "memorysetup-main-allocator-block-size=16777216"
    "memorysetup-thread-allocator-block-size=16777216"
    "memorysetup-gfx-main-allocator-block-size=16777216"
    "memorysetup-gfx-thread-allocator-block-size=16777216"
    "memorysetup-cache-allocator-block-size=4194304"
    "memorysetup-typetree-allocator-block-size=2097152"
    "memorysetup-profiler-bucket-allocator-granularity=16"
    "memorysetup-profiler-bucket-allocator-bucket-count=8"
    "memorysetup-profiler-bucket-allocator-block-size=33554432"
    "memorysetup-profiler-bucket-allocator-block-count=8"
    "memorysetup-profiler-allocator-block-size=16777216"
    "memorysetup-profiler-editor-allocator-block-size=1048576"
    "memorysetup-temp-allocator-size-main=16777216"
    "memorysetup-job-temp-allocator-block-size=2097152"
    "memorysetup-job-temp-allocator-block-size-background=1048576"
    "memorysetup-job-temp-allocator-reduction-small-platforms=262144"
    "memorysetup-temp-allocator-size-background-worker=32768"
    "memorysetup-temp-allocator-size-job-worker=262144"
    "memorysetup-temp-allocator-size-preload-manager=33554432"
    "memorysetup-temp-allocator-size-nav-mesh-worker=65536"
    "memorysetup-temp-allocator-size-audio-worker=65536"
    "memorysetup-temp-allocator-size-cloud-worker=32768"
    "memorysetup-temp-allocator-size-gi-baking-worker=262144"
    "memorysetup-temp-allocator-size-gfx=262144"
Player connection [8048] Host "[IP] 192.168.75.1 [Port] 0 [Flags] 2 [Guid] 1122326294 [EditorId] 1122326294 [Version] 1048832 [Id] WindowsEditor(7,LAPTOP-G0NSKMP1) [Debug] 1 [PackageName] WindowsEditor [ProjectName] Editor" joined multi-casting on [225.0.0.222:54997]...

Player connection [8048] Host "[IP] 192.168.75.1 [Port] 0 [Flags] 2 [Guid] 1122326294 [EditorId] 1122326294 [Version] 1048832 [Id] WindowsEditor(7,LAPTOP-G0NSKMP1) [Debug] 1 [PackageName] WindowsEditor [ProjectName] Editor" joined alternative multi-casting on [225.0.0.222:34997]...

Refreshing native plugins compatible for Editor in 161.86 ms, found 3 plugins.
Preloading 0 native plugins for Editor in 0.00 ms.
Initialize engine version: 2021.3.15f1 (e8e88683f834)
[Subsystems] Discovering subsystems at path C:/Program Files/Unity/Hub/Editor/2021.3.15f1/Editor/Data/Resources/UnitySubsystems
[Subsystems] Discovering subsystems at path D:/3DRPG/3DRPG1/Assets
GfxDevice: creating device client; threaded=0; jobified=0
Direct3D:
    Version:  Direct3D 11.0 [level 11.1]
    Renderer: NVIDIA GeForce GTX 1060 (ID=0x1c20)
    Vendor:   NVIDIA
    VRAM:     6052 MB
    Driver:   27.21.14.5167
Initialize mono
Mono path[0] = 'C:/Program Files/Unity/Hub/Editor/2021.3.15f1/Editor/Data/Managed'
Mono path[1] = 'C:/Program Files/Unity/Hub/Editor/2021.3.15f1/Editor/Data/MonoBleedingEdge/lib/mono/unityjit-win32'
Mono config path = 'C:/Program Files/Unity/Hub/Editor/2021.3.15f1/Editor/Data/MonoBleedingEdge/etc'
Using monoOptions --debugger-agent=transport=dt_socket,embedding=1,server=y,suspend=n,address=127.0.0.1:56532
Begin MonoManager ReloadAssembly
Registering precompiled unity dll's ...
Register platform support module: C:/Program Files/Unity/Hub/Editor/2021.3.15f1/Editor/Data/PlaybackEngines/WindowsStandaloneSupport/UnityEditor.WindowsStandalone.Extensions.dll
Registered in 0.008256 seconds.
Native extension for WindowsStandalone target not found
Refreshing native plugins compatible for Editor in 203.11 ms, found 3 plugins.
Preloading 0 native plugins for Editor in 0.00 ms.
Mono: successfully reloaded assembly
- Completed reload, in  1.448 seconds
Domain Reload Profiling:
	ReloadAssembly (1449ms)
		BeginReloadAssembly (116ms)
			ExecutionOrderSort (0ms)
			DisableScriptedObjects (0ms)
			BackupInstance (0ms)
			ReleaseScriptingObjects (0ms)
			CreateAndSetChildDomain (1ms)
		EndReloadAssembly (1172ms)
			LoadAssemblies (112ms)
			RebuildTransferFunctionScriptingTraits (0ms)
			SetupTypeCache (152ms)
			ReleaseScriptCaches (0ms)
			RebuildScriptCaches (106ms)
			SetupLoadedEditorAssemblies (808ms)
				LogAssemblyErrors (0ms)
				InitializePlatformSupportModulesInManaged (22ms)
				SetLoadedEditorAssemblies (1ms)
				RefreshPlugins (203ms)
				BeforeProcessingInitializeOnLoad (4ms)
				ProcessInitializeOnLoadAttributes (394ms)
				ProcessInitializeOnLoadMethodAttributes (183ms)
				AfterProcessingInitializeOnLoad (0ms)
				EditorAssembliesLoaded (0ms)
			ExecutionOrderSort2 (0ms)
			AwakeInstancesAfterBackupRestoration (0ms)
Platform modules already initialized, skipping
Registering precompiled user dll's ...
Registered in 0.023897 seconds.
Begin MonoManager ReloadAssembly
Symbol file LoadedFromMemory doesn't match image D:\3DRPG\3DRPG1\Library\PackageCache\com.unity.visualscripting@1.7.8\Editor\VisualScripting.Core\Dependencies\YamlDotNet\Unity.VisualScripting.YamlDotNet.dll
Symbol file LoadedFromMemory doesn't match image D:\3DRPG\3DRPG1\Library\PackageCache\com.unity.visualscripting@1.7.8\Editor\VisualScripting.Core\Dependencies\DotNetZip\Unity.VisualScripting.IonicZip.dll
Native extension for WindowsStandalone target not found
Refreshing native plugins compatible for Editor in 0.81 ms, found 3 plugins.
Preloading 0 native plugins for Editor in 0.00 ms.
Mono: successfully reloaded assembly
- Completed reload, in  1.536 seconds
Domain Reload Profiling:
	ReloadAssembly (1538ms)
		BeginReloadAssembly (143ms)
			ExecutionOrderSort (0ms)
			DisableScriptedObjects (9ms)
			BackupInstance (0ms)
			ReleaseScriptingObjects (0ms)
			CreateAndSetChildDomain (22ms)
		EndReloadAssembly (1259ms)
			LoadAssemblies (118ms)
			RebuildTransferFunctionScriptingTraits (0ms)
			SetupTypeCache (491ms)
			ReleaseScriptCaches (6ms)
			RebuildScriptCaches (77ms)
			SetupLoadedEditorAssemblies (492ms)
				LogAssemblyErrors (0ms)
				InitializePlatformSupportModulesInManaged (6ms)
				SetLoadedEditorAssemblies (1ms)
				RefreshPlugins (1ms)
				BeforeProcessingInitializeOnLoad (104ms)
				ProcessInitializeOnLoadAttributes (328ms)
				ProcessInitializeOnLoadMethodAttributes (39ms)
				AfterProcessingInitializeOnLoad (12ms)
				EditorAssembliesLoaded (0ms)
			ExecutionOrderSort2 (0ms)
			AwakeInstancesAfterBackupRestoration (9ms)
Platform modules already initialized, skipping
========================================================================
Worker process is ready to serve import requests
Launched and connected shader compiler UnityShaderCompiler.exe after 0.08 seconds
Refreshing native plugins compatible for Editor in 1.27 ms, found 3 plugins.
Preloading 0 native plugins for Editor in 0.00 ms.
Unloading 3393 Unused Serialized files (Serialized files now loaded: 0)
Unloading 27 unused Assets / (113.9 KB). Loaded Objects now: 3871.
Memory consumption went from 130.5 MB to 130.4 MB.
Total: 4.366200 ms (FindLiveObjects: 0.357600 ms CreateObjectMapping: 0.340400 ms MarkObjects: 3.361700 ms  DeleteObjects: 0.305000 ms)

AssetImportParameters requested are different than current active one (requested -> active):
  custom:video-decoder-ogg-theora: a1e56fd34408186e4bbccfd4996cb3dc -> 
  custom:container-muxer-webm: aa71ff27fc2769a1b78a27578f13a17b -> 
  custom:container-demuxer-webm: 4f35f7cbe854078d1ac9338744f61a02 -> 
  custom:video-encoder-webm-vp8: eb34c28f22e8b96e1ab97ce403110664 -> 
  custom:video-codec-MediaFoundation-h265: 746d11721c4dcdbdad8f713fa42b33f4 -> 
  custom:audio-encoder-webm-vorbis: bf7c407c2cedff20999df2af8eb42d56 -> 
  custom:framework-win-MediaFoundation: 216162199b28c13a410421893ffa2e32 -> 
  custom:container-demuxer-ogg: 62fdf1f143b41e24485cea50d1cbac27 -> 
  custom:video-decoder-webm-vp8: 9c59270c3fd7afecdb556c50c9e8de78 -> 
  custom:audio-decoder-ogg-vorbis: bf7c407c2cedff20999df2af8eb42d56 -> 
========================================================================
Received Import Request.
  Time since last request: 436729.696802 seconds.
  path: Assets/ExplosiveLLC/Warrior Pack Bundle 2 FREE/2 Handed Warrior Mecanim Animation Pack/Characters/2Handed.FBX
  artifactKey: Guid(781a15e490c144941adf6440cf6b6cdd) Importer(815301076,1909f56bfc062723c751e8b465ee728b)
Start importing Assets/ExplosiveLLC/Warrior Pack Bundle 2 FREE/2 Handed Warrior Mecanim Animation Pack/Characters/2Handed.FBX using Guid(781a15e490c144941adf6440cf6b6cdd) Importer(815301076,1909f56bfc062723c751e8b465ee728b)  -> (artifact id: '6464233dceb2d29ad402382a91cd6590') in 0.461521 seconds 
========================================================================
Received Import Request.
  Time since last request: 0.000121 seconds.
  path: Assets/ExplosiveLLC/Warrior Pack Bundle 2 FREE/Archer Warrior Mecanim Animation Pack/Characters/Archer.FBX
  artifactKey: Guid(6113d0ea44252774db53fa756483807d) Importer(815301076,1909f56bfc062723c751e8b465ee728b)
Start importing Assets/ExplosiveLLC/Warrior Pack Bundle 2 FREE/Archer Warrior Mecanim Animation Pack/Characters/Archer.FBX using Guid(6113d0ea44252774db53fa756483807d) Importer(815301076,1909f56bfc062723c751e8b465ee728b)  -> (artifact id: '1203a5d2590548ae4c966821656593ce') in 0.102204 seconds 
========================================================================
Received Import Request.
  Time since last request: 0.000182 seconds.
  path: Assets/ExplosiveLLC/Warrior Pack Bundle 2 FREE/Archer Warrior Mecanim Animation Pack/Animations/Archer@WalkSlow.FBX
  artifactKey: Guid(6f61a917d0f60b446af35d2e51d56ce4) Importer(815301076,1909f56bfc062723c751e8b465ee728b)
Start importing Assets/ExplosiveLLC/Warrior Pack Bundle 2 FREE/Archer Warrior Mecanim Animation Pack/Animations/Archer@WalkSlow.FBX using Guid(6f61a917d0f60b446af35d2e51d56ce4) Importer(815301076,1909f56bfc062723c751e8b465ee728b)  -> (artifact id: 'cb61f5ee5416075dc77d0071b889a86b') in 0.017017 seconds 
========================================================================
Received Import Request.
  Time since last request: 0.000075 seconds.
  path: Assets/ExplosiveLLC/SuperCharacterController/Mesh/DemoZone.FBX
  artifactKey: Guid(16fe8e10c23f6814cb27ba78183e9bbf) Importer(815301076,1909f56bfc062723c751e8b465ee728b)
Start importing Assets/ExplosiveLLC/SuperCharacterController/Mesh/DemoZone.FBX using Guid(16fe8e10c23f6814cb27ba78183e9bbf) Importer(815301076,1909f56bfc062723c751e8b465ee728b)  -> (artifact id: '3c0489bb4dbff956ac2dc018e3f4806d') in 0.039546 seconds 
========================================================================
Received Import Request.
  Time since last request: 0.000026 seconds.
  path: Assets/ExplosiveLLC/Warrior Pack Bundle 2 FREE/Archer Warrior Mecanim Animation Pack/Animations/Archer@Jump.FBX
  artifactKey: Guid(d947b4d79e009f14badc74337a4ecfb7) Importer(815301076,1909f56bfc062723c751e8b465ee728b)
Start importing Assets/ExplosiveLLC/Warrior Pack Bundle 2 FREE/Archer Warrior Mecanim Animation Pack/Animations/Archer@Jump.FBX using Guid(d947b4d79e009f14badc74337a4ecfb7) Importer(815301076,1909f56bfc062723c751e8b465ee728b)  -> (artifact id: '7138d4b57e95ea8a4986e0f9e42e61df') in 0.018263 seconds 
========================================================================
Received Import Request.
  Time since last request: 0.000192 seconds.
  path: Assets/ExplosiveLLC/Warrior Pack Bundle 2 FREE/2 Handed Warrior Mecanim Animation Pack/Animations/2Handed@Walk.FBX
  artifactKey: Guid(6aa2008e4fe28b443b5c93d5b9f768d7) Importer(815301076,1909f56bfc062723c751e8b465ee728b)
Start importing Assets/ExplosiveLLC/Warrior Pack Bundle 2 FREE/2 Handed Warrior Mecanim Animation Pack/Animations/2Handed@Walk.FBX using Guid(6aa2008e4fe28b443b5c93d5b9f768d7) Importer(815301076,1909f56bfc062723c751e8b465ee728b)  -> (artifact id: '56fb89e8601ac5f5cead9068c171a630') in 0.020291 seconds 
========================================================================
Received Import Request.
  Time since last request: 0.000048 seconds.
  path: Assets/Supercyan Character Pack Free Sample/Animations/common_people@jump-up.FBX
  artifactKey: Guid(441579d7f72cae545a24352282ac90e0) Importer(815301076,1909f56bfc062723c751e8b465ee728b)
Start importing Assets/Supercyan Character Pack Free Sample/Animations/common_people@jump-up.FBX using Guid(441579d7f72cae545a24352282ac90e0) Importer(815301076,1909f56bfc062723c751e8b465ee728b)  -> (artifact id: 'b814dd734050170d4d11daad8fc9ca90') in 0.078296 seconds 
========================================================================
Received Import Request.
  Time since last request: 0.830471 seconds.
  path: Assets/ExplosiveLLC/Warrior Pack Bundle 2 FREE/Knight Warrior Mecanim Animation Pack/Animations/Knight@Run.FBX
  artifactKey: Guid(b093e573ca387a1459010ed43a16d2ad) Importer(815301076,1909f56bfc062723c751e8b465ee728b)
Start importing Assets/ExplosiveLLC/Warrior Pack Bundle 2 FREE/Knight Warrior Mecanim Animation Pack/Animations/Knight@Run.FBX using Guid(b093e573ca387a1459010ed43a16d2ad) Importer(815301076,1909f56bfc062723c751e8b465ee728b)  -> (artifact id: 'e60f9407b3fbe829037e1f146f40e0b7') in 0.016303 seconds 
========================================================================
Received Import Request.
  Time since last request: 0.000036 seconds.
  path: Assets/ExplosiveLLC/Warrior Pack Bundle 2 FREE/Mage Warrior Mecanim Animation Pack/Animations/Mage@Jump.FBX
  artifactKey: Guid(ccc3fd03b3e3f064ca25dcd069b704a0) Importer(815301076,1909f56bfc062723c751e8b465ee728b)
Start importing Assets/ExplosiveLLC/Warrior Pack Bundle 2 FREE/Mage Warrior Mecanim Animation Pack/Animations/Mage@Jump.FBX using Guid(ccc3fd03b3e3f064ca25dcd069b704a0) Importer(815301076,1909f56bfc062723c751e8b465ee728b)  -> (artifact id: '8bdf4653be8a6aaddb1059980b2f37b2') in 0.017685 seconds 
========================================================================
Received Import Request.
  Time since last request: 0.000033 seconds.
  path: Assets/ExplosiveLLC/Warrior Pack Bundle 2 FREE/Mage Warrior Mecanim Animation Pack/Animations/Mage@Run.FBX
  artifactKey: Guid(d9d469953be3eeb468fe9ec060467ded) Importer(815301076,1909f56bfc062723c751e8b465ee728b)
Start importing Assets/ExplosiveLLC/Warrior Pack Bundle 2 FREE/Mage Warrior Mecanim Animation Pack/Animations/Mage@Run.FBX using Guid(d9d469953be3eeb468fe9ec060467ded) Importer(815301076,1909f56bfc062723c751e8b465ee728b)  -> (artifact id: 'a690674c35febf85c657cfad588c7590') in 0.015735 seconds 
========================================================================
Received Import Request.
  Time since last request: 0.070118 seconds.
  path: Assets/ExplosiveLLC/Warrior Pack Bundle 2 FREE/Mage Warrior Mecanim Animation Pack/Animations/Mage@Walk.FBX
  artifactKey: Guid(73343089e4172784b94f00a97fb84f21) Importer(815301076,1909f56bfc062723c751e8b465ee728b)
Start importing Assets/ExplosiveLLC/Warrior Pack Bundle 2 FREE/Mage Warrior Mecanim Animation Pack/Animations/Mage@Walk.FBX using Guid(73343089e4172784b94f00a97fb84f21) Importer(815301076,1909f56bfc062723c751e8b465ee728b)  -> (artifact id: '65b033fe313e1d5c725cc804bc10d083') in 0.018457 seconds 
========================================================================
Received Import Request.
  Time since last request: 0.000050 seconds.
  path: Assets/ExplosiveLLC/Demo Elements/Models/Stage/Rock.FBX
  artifactKey: Guid(f0446dd73f1f0fc459b686f749aefcc6) Importer(815301076,1909f56bfc062723c751e8b465ee728b)
Start importing Assets/ExplosiveLLC/Demo Elements/Models/Stage/Rock.FBX using Guid(f0446dd73f1f0fc459b686f749aefcc6) Importer(815301076,1909f56bfc062723c751e8b465ee728b)  -> (artifact id: 'aa24071698158951962b0c2697ec68f1') in 0.024298 seconds 
========================================================================
Received Import Request.
  Time since last request: 0.000041 seconds.
  path: Assets/ExplosiveLLC/SuperCharacterController/Mesh/SphereDemoLevel.FBX
  artifactKey: Guid(85750bab56c880440902826d62d76883) Importer(815301076,1909f56bfc062723c751e8b465ee728b)
Start importing Assets/ExplosiveLLC/SuperCharacterController/Mesh/SphereDemoLevel.FBX using Guid(85750bab56c880440902826d62d76883) Importer(815301076,1909f56bfc062723c751e8b465ee728b)  -> (artifact id: '585d668d78121f1f02da1ed0df32e7d7') in 0.033861 seconds 
Editor requested this worker to shutdown with reason: Scaling down because of idle timeout
AssetImportWorker is now disconnected from the server
Process exiting
Exiting without the bug reporter. Application will terminate with return code 0